# JRE version: Java(TM) SE Runtime Environment (7.0_75-b13) (build 1.7.0_75-b13)
# Java VM: Java HotSpot(TM) 64-Bit Server VM (24.75-b04 mixed mode windows-amd64 compressed oops)
Heap
 PSYoungGen      total 317952K, used 130290K [0x00000000eaa80000, 0x0000000100000000, 0x0000000100000000)
  eden space 286208K, 34% used [0x00000000eaa80000,0x00000000f0ac03a8,0x00000000fc200000)
  from space 31744K, 99% used [0x00000000fc200000,0x00000000fe0fc4a0,0x00000000fe100000)
  to   space 31744K, 0% used [0x00000000fe100000,0x00000000fe100000,0x0000000100000000)
 ParOldGen       total 102912K, used 45616K [0x00000000c0000000, 0x00000000c6480000, 0x00000000eaa80000)
  object space 102912K, 44% used [0x00000000c0000000,0x00000000c2c8c2c0,0x00000000c6480000)
 PSPermGen       total 21504K, used 6996K [0x00000000bae00000, 0x00000000bc300000, 0x00000000c0000000)
  object space 21504K, 32% used [0x00000000bae00000,0x00000000bb4d5218,0x00000000bc300000)
GC Heap History (10 events):
Event: 2.063 GC heap before
{Heap before GC invocations=8 (full 0):
 PSYoungGen      total 151040K, used 139800K [0x00000000eaa80000, 0x00000000fd180000, 0x0000000100000000)
  eden space 132608K, 100% used [0x00000000eaa80000,0x00000000f2c00000,0x00000000f2c00000)
  from space 18432K, 39% used [0x00000000f2c00000,0x00000000f33060a8,0x00000000f3e00000)
  to   space 18432K, 0% used [0x00000000fbf80000,0x00000000fbf80000,0x00000000fd180000)
 ParOldGen       total 86528K, used 34996K [0x00000000c0000000, 0x00000000c5480000, 0x00000000eaa80000)
  object space 86528K, 40% used [0x00000000c0000000,0x00000000c222d358,0x00000000c5480000)
 PSPermGen       total 21504K, used 6987K [0x00000000bae00000, 0x00000000bc300000, 0x00000000c0000000)
  object space 21504K, 32% used [0x00000000bae00000,0x00000000bb4d2d30,0x00000000bc300000)
Event: 2.067 GC heap after
Heap after GC invocations=8 (full 0):
 PSYoungGen      total 282624K, used 15721K [0x00000000eaa80000, 0x00000000fd380000, 0x0000000100000000)
  eden space 264192K, 0% used [0x00000000eaa80000,0x00000000eaa80000,0x00000000fac80000)
  from space 18432K, 85% used [0x00000000fbf80000,0x00000000fceda7c8,0x00000000fd180000)
  to   space 19456K, 0% used [0x00000000fac80000,0x00000000fac80000,0x00000000fbf80000)
 ParOldGen       total 86528K, used 35980K [0x00000000c0000000, 0x00000000c5480000, 0x00000000eaa80000)
  object space 86528K, 41% used [0x00000000c0000000,0x00000000c23233c0,0x00000000c5480000)
 PSPermGen       total 21504K, used 6987K [0x00000000bae00000, 0x00000000bc300000, 0x00000000c0000000)
  object space 21504K, 32% used [0x00000000bae00000,0x00000000bb4d2d30,0x00000000bc300000)
}
Event: 2.338 GC heap before
{Heap before GC invocations=9 (full 0):
 PSYoungGen      total 282624K, used 279913K [0x00000000eaa80000, 0x00000000fd380000, 0x0000000100000000)
  eden space 264192K, 100% used [0x00000000eaa80000,0x00000000fac80000,0x00000000fac80000)
  from space 18432K, 85% used [0x00000000fbf80000,0x00000000fceda7c8,0x00000000fd180000)
  to   space 19456K, 0% used [0x00000000fac80000,0x00000000fac80000,0x00000000fbf80000)
 ParOldGen       total 86528K, used 35980K [0x00000000c0000000, 0x00000000c5480000, 0x00000000eaa80000)
  object space 86528K, 41% used [0x00000000c0000000,0x00000000c23233c0,0x00000000c5480000)
 PSPermGen       total 21504K, used 6994K [0x00000000bae00000, 0x00000000bc300000, 0x00000000c0000000)
  object space 21504K, 32% used [0x00000000bae00000,0x00000000bb4d4b48,0x00000000bc300000)
Event: 2.353 GC heap after
Heap after GC invocations=9 (full 0):
 PSYoungGen      total 283648K, used 17023K [0x00000000eaa80000, 0x0000000100000000, 0x0000000100000000)
  eden space 264192K, 0% used [0x00000000eaa80000,0x00000000eaa80000,0x00000000fac80000)
  from space 19456K, 87% used [0x00000000fac80000,0x00000000fbd1fdc8,0x00000000fbf80000)
  to   space 20992K, 0% used [0x00000000feb80000,0x00000000feb80000,0x0000000100000000)
 ParOldGen       total 86528K, used 57025K [0x00000000c0000000, 0x00000000c5480000, 0x00000000eaa80000)
  object space 86528K, 65% used [0x00000000c0000000,0x00000000c37b0428,0x00000000c5480000)
 PSPermGen       total 21504K, used 6994K [0x00000000bae00000, 0x00000000bc300000, 0x00000000c0000000)
  object space 21504K, 32% used [0x00000000bae00000,0x00000000bb4d4b48,0x00000000bc300000)
}
Event: 2.599 GC heap before
{Heap before GC invocations=10 (full 0):
 PSYoungGen      total 283648K, used 281215K [0x00000000eaa80000, 0x0000000100000000, 0x0000000100000000)
  eden space 264192K, 100% used [0x00000000eaa80000,0x00000000fac80000,0x00000000fac80000)
  from space 19456K, 87% used [0x00000000fac80000,0x00000000fbd1fdc8,0x00000000fbf80000)
  to   space 20992K, 0% used [0x00000000feb80000,0x00000000feb80000,0x0000000100000000)
 ParOldGen       total 86528K, used 57025K [0x00000000c0000000, 0x00000000c5480000, 0x00000000eaa80000)
  object space 86528K, 65% used [0x00000000c0000000,0x00000000c37b0428,0x00000000c5480000)
 PSPermGen       total 21504K, used 6995K [0x00000000bae00000, 0x00000000bc300000, 0x00000000c0000000)
  object space 21504K, 32% used [0x00000000bae00000,0x00000000bb4d4f18,0x00000000bc300000)
Event: 2.617 GC heap after
Heap after GC invocations=10 (full 0):
 PSYoungGen      total 307200K, used 20988K [0x00000000eaa80000, 0x0000000100000000, 0x0000000100000000)
  eden space 286208K, 0% used [0x00000000eaa80000,0x00000000eaa80000,0x00000000fc200000)
  from space 20992K, 99% used [0x00000000feb80000,0x00000000fffff398,0x0000000100000000)
  to   space 31744K, 0% used [0x00000000fc200000,0x00000000fc200000,0x00000000fe100000)
 ParOldGen       total 86528K, used 80498K [0x00000000c0000000, 0x00000000c5480000, 0x00000000eaa80000)
  object space 86528K, 93% used [0x00000000c0000000,0x00000000c4e9c818,0x00000000c5480000)
 PSPermGen       total 21504K, used 6995K [0x00000000bae00000, 0x00000000bc300000, 0x00000000c0000000)
  object space 21504K, 32% used [0x00000000bae00000,0x00000000bb4d4f18,0x00000000bc300000)
}
Event: 2.617 GC heap before
{Heap before GC invocations=11 (full 1):
 PSYoungGen      total 307200K, used 20988K [0x00000000eaa80000, 0x0000000100000000, 0x0000000100000000)
  eden space 286208K, 0% used [0x00000000eaa80000,0x00000000eaa80000,0x00000000fc200000)
  from space 20992K, 99% used [0x00000000feb80000,0x00000000fffff398,0x0000000100000000)
  to   space 31744K, 0% used [0x00000000fc200000,0x00000000fc200000,0x00000000fe100000)
 ParOldGen       total 86528K, used 80498K [0x00000000c0000000, 0x00000000c5480000, 0x00000000eaa80000)
  object space 86528K, 93% used [0x00000000c0000000,0x00000000c4e9c818,0x00000000c5480000)
 PSPermGen       total 21504K, used 6995K [0x00000000bae00000, 0x00000000bc300000, 0x00000000c0000000)
  object space 21504K, 32% used [0x00000000bae00000,0x00000000bb4d4f18,0x00000000bc300000)
Event: 2.664 GC heap after
Heap after GC invocations=11 (full 1):
 PSYoungGen      total 307200K, used 0K [0x00000000eaa80000, 0x0000000100000000, 0x0000000100000000)
  eden space 286208K, 0% used [0x00000000eaa80000,0x00000000eaa80000,0x00000000fc200000)
  from space 20992K, 0% used [0x00000000feb80000,0x00000000feb80000,0x0000000100000000)
  to   space 31744K, 0% used [0x00000000fc200000,0x00000000fc200000,0x00000000fe100000)
 ParOldGen       total 102912K, used 37353K [0x00000000c0000000, 0x00000000c6480000, 0x00000000eaa80000)
  object space 102912K, 36% used [0x00000000c0000000,0x00000000c247a660,0x00000000c6480000)
 PSPermGen       total 21504K, used 6992K [0x00000000bae00000, 0x00000000bc300000, 0x00000000c0000000)
  object space 21504K, 32% used [0x00000000bae00000,0x00000000bb4d42f0,0x00000000bc300000)
}
Event: 2.942 GC heap before
{Heap before GC invocations=12 (full 1):
 PSYoungGen      total 307200K, used 286208K [0x00000000eaa80000, 0x0000000100000000, 0x0000000100000000)
  eden space 286208K, 100% used [0x00000000eaa80000,0x00000000fc200000,0x00000000fc200000)
  from space 20992K, 0% used [0x00000000feb80000,0x00000000feb80000,0x0000000100000000)
  to   space 31744K, 0% used [0x00000000fc200000,0x00000000fc200000,0x00000000fe100000)
 ParOldGen       total 102912K, used 37353K [0x00000000c0000000, 0x00000000c6480000, 0x00000000eaa80000)
  object space 102912K, 36% used [0x00000000c0000000,0x00000000c247a660,0x00000000c6480000)
 PSPermGen       total 21504K, used 6996K [0x00000000bae00000, 0x00000000bc300000, 0x00000000c0000000)
  object space 21504K, 32% used [0x00000000bae00000,0x00000000bb4d5218,0x00000000bc300000)
Event: 2.949 GC heap after
Heap after GC invocations=12 (full 1):
 PSYoungGen      total 317952K, used 31729K [0x00000000eaa80000, 0x0000000100000000, 0x0000000100000000)
  eden space 286208K, 0% used [0x00000000eaa80000,0x00000000eaa80000,0x00000000fc200000)
  from space 31744K, 99% used [0x00000000fc200000,0x00000000fe0fc4a0,0x00000000fe100000)
  to   space 31744K, 0% used [0x00000000fe100000,0x00000000fe100000,0x0000000100000000)
 ParOldGen       total 102912K, used 45616K [0x00000000c0000000, 0x00000000c6480000, 0x00000000eaa80000)
  object space 102912K, 44% used [0x00000000c0000000,0x00000000c2c8c2c0,0x00000000c6480000)
 PSPermGen       total 21504K, used 6996K [0x00000000bae00000, 0x00000000bc300000, 0x00000000c0000000)
  object space 21504K, 32% used [0x00000000bae00000,0x00000000bb4d5218,0x00000000bc300000)
}

